<?xml version="1.0" encoding="UTF-8"?>
<!-- Generated by org.testng.reporters.JUnitReportReporter -->
<testsuite hostname="SanaLodhi" failures="0" tests="1" name="Pro.Training.Tech.Students.SeleniumNewTest" time="0.007" errors="0" timestamp="2024-09-08T10:32:32 EDT" skipped="0">
  <testcase classname="Pro.Training.Tech.Students.SeleniumNewTest" name="f" time="0.007"/>
</testsuite> <!-- Pro.Training.Tech.Students.SeleniumNewTest -->
